<?xml version="1.0" encoding="UTF-8"?>
<!-- Generated by org.testng.reporters.JUnitReportReporter -->
<testsuite hostname="LAPTOP-2856PI75" failures="0" tests="5" name="testngpkg.Testngdemo" time="4.434" errors="0" timestamp="2023-01-17T10:44:17 IST" skipped="0">
  <testcase classname="testngpkg.Testngdemo" name="titleverification" time="0.616"/>
  <system-out/>
  <testcase classname="testngpkg.Testngdemo" name="titleverification" time="1.127"/>
  <system-out/>
  <testcase classname="testngpkg.Testngdemo" name="titleverification" time="1.317"/>
  <system-out/>
  <testcase classname="testngpkg.Testngdemo" name="pagesource" time="0.781"/>
  <system-out/>
  <testcase classname="testngpkg.Testngdemo" name="pagesource" time="0.593"/>
  <system-out/>
</testsuite> <!-- testngpkg.Testngdemo -->
