<?xml version="1.0" encoding="UTF-8"?>
<!-- Generated by org.testng.reporters.JUnitReportReporter -->
<testsuite hostname="LAPTOP-2856PI75" failures="0" tests="1" name="testngpkg.parametrization" time="3.160" errors="0" timestamp="2023-01-17T11:21:29 IST" skipped="0">
  <testcase classname="testngpkg.parametrization" name="test1" time="3.160"/>
  <system-out/>
</testsuite> <!-- testngpkg.parametrization -->
