<?xml version="1.0" encoding="UTF-8"?>
<!-- Generated by org.testng.reporters.JUnitReportReporter -->
<testsuite hostname="LAPTOP-2856PI75" failures="0" tests="1" name="testngpkg.Scrolldown" time="4.265" errors="0" timestamp="2023-01-18T14:31:06 IST" skipped="0">
  <testcase classname="testngpkg.Scrolldown" name="drag" time="4.265"/>
  <system-out/>
</testsuite> <!-- testngpkg.Scrolldown -->
