<?xml version="1.0" encoding="UTF-8"?>
<!-- Generated by org.testng.reporters.JUnitReportReporter -->
<testsuite hostname="LAPTOP-2856PI75" failures="0" tests="1" name="testngpkg.Dragdrop" time="7.133" errors="0" timestamp="2023-01-17T14:41:18 IST" skipped="0">
  <testcase classname="testngpkg.Dragdrop" name="drag" time="7.133"/>
  <system-out/>
</testsuite> <!-- testngpkg.Dragdrop -->
