<?xml version="1.0" encoding="UTF-8"?>
<!-- Generated by org.testng.reporters.JUnitReportReporter -->
<testsuite hostname="LAPTOP-2856PI75" failures="0" tests="1" name="testngpkg.Fileupload" time="0.931" errors="0" timestamp="2023-01-20T15:30:09 IST" skipped="0">
  <testcase classname="testngpkg.Fileupload" name="file" time="0.931"/>
  <system-out/>
</testsuite> <!-- testngpkg.Fileupload -->
