<?xml version="1.0" encoding="UTF-8"?>
<!-- Generated by org.testng.reporters.JUnitReportReporter -->
<testsuite hostname="LAPTOP-2856PI75" failures="0" tests="1" name="test.Fblogintest" time="1.510" errors="0" timestamp="2023-01-25T14:16:14 IST" skipped="0">
  <testcase classname="test.Fblogintest" name="testlogin" time="1.510"/>
  <system-out/>
</testsuite> <!-- test.Fblogintest -->
