<?xml version="1.0" encoding="UTF-8"?>
<!-- Generated by org.testng.reporters.JUnitReportReporter -->
<testsuite hostname="LAPTOP-2856PI75" failures="0" tests="2" name="testngpkg.Copypaste" time="8.745" errors="0" timestamp="2023-01-17T14:30:35 IST" skipped="0">
  <testcase classname="testngpkg.Copypaste" name="drag" time="5.491"/>
  <system-out/>
  <testcase classname="testngpkg.Copypaste" name="urlloading" time="3.254"/>
  <system-out/>
</testsuite> <!-- testngpkg.Copypaste -->
